<?xml version="1.0" encoding="UTF-8"?>
<testng-results ignored="0" total="1" passed="1" failed="0" skipped="0">
  <reporter-output>
  </reporter-output>
  <suite started-at="2023-10-19T15:09:22Z" name="Default suite" finished-at="2023-10-19T15:09:23Z" duration-ms="645">
    <groups>
    </groups>
    <test started-at="2023-10-19T15:09:22Z" name="Default test" finished-at="2023-10-19T15:09:23Z" duration-ms="645">
      <class name="tests.ProductAPITest">
        <test-method is-config="true" signature="setup()[pri:0, instance:tests.ProductAPITest@4b29d1d2]" started-at="2023-10-19T20:39:22Z" name="setup" finished-at="2023-10-19T20:39:23Z" duration-ms="246" status="PASS">
          <reporter-output>
          </reporter-output>
        </test-method> <!-- setup -->
        <test-method signature="testGetProductDetails()[pri:0, instance:tests.ProductAPITest@4b29d1d2]" started-at="2023-10-19T20:39:23Z" name="testGetProductDetails" finished-at="2023-10-19T20:39:23Z" duration-ms="394" status="PASS">
          <reporter-output>
          </reporter-output>
        </test-method> <!-- testGetProductDetails -->
      </class> <!-- tests.ProductAPITest -->
    </test> <!-- Default test -->
  </suite> <!-- Default suite -->
</testng-results>
