<?xml version="1.0" encoding="UTF-8"?>
<!-- Generated by org.testng.reporters.JUnitXMLReporter -->
<testsuite ignored="0" hostname="Mohds-MacBook-Air.local" failures="1" tests="1" name="Test" time="1.33" errors="0" timestamp="19 Oct 2023 13:36:07 GMT">
  <testcase classname="tests.ProductAPITest" name="testGetProductDetails" time="1.033">
    <failure type="java.lang.AssertionError" message="Status code is not as expected. expected [200] but found [404]">
      <![CDATA[java.lang.AssertionError: Status code is not as expected. expected [200] but found [404]
	at tests.ProductAPITest.testGetProductDetails(ProductAPITest.java:16)
... Removed 28 stack frames]]>
    </failure>
  </testcase> <!-- testGetProductDetails -->
</testsuite> <!-- Test -->
