<?xml version="1.0" encoding="UTF-8"?>
<testng-results ignored="0" total="2" passed="2" failed="0" skipped="0">
  <reporter-output>
  </reporter-output>
  <suite started-at="2023-11-15T00:32:36 IST" name="Default suite" finished-at="2023-11-15T00:32:39 IST" duration-ms="2602">
    <groups>
    </groups>
    <test started-at="2023-11-15T00:32:36 IST" name="Default test" finished-at="2023-11-15T00:32:39 IST" duration-ms="2602">
      <class name="apiTest.TestExample">
        <test-method is-config="true" signature="startTest()[pri:0, instance:apiTest.TestExample@34123d65]" started-at="2023-11-15T00:32:36 IST" name="startTest" finished-at="2023-11-15T00:32:36 IST" duration-ms="142" status="PASS">
          <reporter-output>
          </reporter-output>
        </test-method> <!-- startTest -->
        <test-method signature="getRequest()[pri:0, instance:apiTest.TestExample@34123d65]" started-at="2023-11-15T00:32:36 IST" name="getRequest" finished-at="2023-11-15T00:32:38 IST" duration-ms="2065" status="PASS">
          <reporter-output>
          </reporter-output>
        </test-method> <!-- getRequest -->
        <test-method signature="test2()[pri:0, instance:apiTest.TestExample@34123d65]" started-at="2023-11-15T00:32:38 IST" name="test2" finished-at="2023-11-15T00:32:38 IST" duration-ms="191" status="PASS">
          <reporter-output>
          </reporter-output>
        </test-method> <!-- test2 -->
        <test-method is-config="true" signature="endTest()[pri:0, instance:apiTest.TestExample@34123d65]" started-at="2023-11-15T00:32:38 IST" name="endTest" finished-at="2023-11-15T00:32:39 IST" duration-ms="184" status="PASS">
          <reporter-output>
          </reporter-output>
        </test-method> <!-- endTest -->
      </class> <!-- apiTest.TestExample -->
    </test> <!-- Default test -->
  </suite> <!-- Default suite -->
</testng-results>
